<?xml version="1.0" encoding="UTF-8"?>
<!-- Generated by org.testng.reporters.JUnitReportReporter -->
<testsuite skipped="0" hostname="LAPTOP-JMAJ0GNO" name="testScripts.RegisterTest" tests="3" failures="0" timestamp="2022-08-27T13:26:46 IST" time="6.563" errors="0">
  <testcase name="registerTestCase" time="2.228" classname="testScripts.RegisterTest"/>
  <system-out/>
  <testcase name="registerTestCase" time="2.063" classname="testScripts.RegisterTest"/>
  <system-out/>
  <testcase name="registerTestCase" time="2.272" classname="testScripts.RegisterTest"/>
  <system-out/>
</testsuite> <!-- testScripts.RegisterTest -->
